<?xml version="1.0" encoding="UTF-8"?>
<robot generator="Robot 4.1 (Python 3.9.6 on win32)" generated="20210824 13:10:24.416" rpa="false" schemaversion="2">
<suite id="s1" name="Keyboard" source="C:\Users\dell 6th\PycharmProjects\pythonProject\TestCases\Keyboard.robot">
<test id="s1-t1" name="login last">
<kw name="Open Browser" library="SeleniumLibrary">
<arg>https://www.last.fm/</arg>
<arg>chrome</arg>
<doc>Opens a new browser instance to the optional ``url``.</doc>
<msg timestamp="20210824 13:10:24.712" level="INFO">Opening browser 'chrome' to base url 'https://www.last.fm/'.</msg>
<status status="PASS" starttime="20210824 13:10:24.712" endtime="20210824 13:10:31.810"/>
</kw>
<kw name="Maximize Browser Window" library="SeleniumLibrary">
<doc>Maximizes current browser window.</doc>
<status status="PASS" starttime="20210824 13:10:31.813" endtime="20210824 13:10:32.078"/>
</kw>
<kw name="Press Keys" library="SeleniumLibrary">
<arg>None</arg>
<arg>TAB</arg>
<doc>Simulates the user pressing key(s) to an element or on the active browser.</doc>
<msg timestamp="20210824 13:10:32.090" level="INFO">Sending key(s) ('TAB',) to page.</msg>
<msg timestamp="20210824 13:10:32.091" level="INFO">Pressing special key TAB to browser.</msg>
<msg timestamp="20210824 13:10:32.091" level="INFO">Releasing special key TAB.</msg>
<status status="PASS" starttime="20210824 13:10:32.089" endtime="20210824 13:10:32.160"/>
</kw>
<kw name="Press Keys" library="SeleniumLibrary">
<arg>None</arg>
<arg>TAB</arg>
<doc>Simulates the user pressing key(s) to an element or on the active browser.</doc>
<msg timestamp="20210824 13:10:32.165" level="INFO">Sending key(s) ('TAB',) to page.</msg>
<msg timestamp="20210824 13:10:32.166" level="INFO">Pressing special key TAB to browser.</msg>
<msg timestamp="20210824 13:10:32.166" level="INFO">Releasing special key TAB.</msg>
<status status="PASS" starttime="20210824 13:10:32.163" endtime="20210824 13:10:32.187"/>
</kw>
<kw name="Press Keys" library="SeleniumLibrary">
<arg>None</arg>
<arg>TAB</arg>
<doc>Simulates the user pressing key(s) to an element or on the active browser.</doc>
<msg timestamp="20210824 13:10:32.189" level="INFO">Sending key(s) ('TAB',) to page.</msg>
<msg timestamp="20210824 13:10:32.189" level="INFO">Pressing special key TAB to browser.</msg>
<msg timestamp="20210824 13:10:32.189" level="INFO">Releasing special key TAB.</msg>
<status status="PASS" starttime="20210824 13:10:32.188" endtime="20210824 13:10:32.406"/>
</kw>
<kw name="Press Keys" library="SeleniumLibrary">
<arg>None</arg>
<arg>TAB</arg>
<doc>Simulates the user pressing key(s) to an element or on the active browser.</doc>
<msg timestamp="20210824 13:10:32.410" level="INFO">Sending key(s) ('TAB',) to page.</msg>
<msg timestamp="20210824 13:10:32.410" level="INFO">Pressing special key TAB to browser.</msg>
<msg timestamp="20210824 13:10:32.411" level="INFO">Releasing special key TAB.</msg>
<status status="PASS" starttime="20210824 13:10:32.409" endtime="20210824 13:10:32.534"/>
</kw>
<kw name="Press Keys" library="SeleniumLibrary">
<arg>None</arg>
<arg>TAB</arg>
<doc>Simulates the user pressing key(s) to an element or on the active browser.</doc>
<msg timestamp="20210824 13:10:32.536" level="INFO">Sending key(s) ('TAB',) to page.</msg>
<msg timestamp="20210824 13:10:32.537" level="INFO">Pressing special key TAB to browser.</msg>
<msg timestamp="20210824 13:10:32.537" level="INFO">Releasing special key TAB.</msg>
<status status="PASS" starttime="20210824 13:10:32.536" endtime="20210824 13:10:32.619"/>
</kw>
<kw name="Press Keys" library="SeleniumLibrary">
<arg>None</arg>
<arg>TAB</arg>
<doc>Simulates the user pressing key(s) to an element or on the active browser.</doc>
<msg timestamp="20210824 13:10:32.629" level="INFO">Sending key(s) ('TAB',) to page.</msg>
<msg timestamp="20210824 13:10:32.630" level="INFO">Pressing special key TAB to browser.</msg>
<msg timestamp="20210824 13:10:32.630" level="INFO">Releasing special key TAB.</msg>
<status status="PASS" starttime="20210824 13:10:32.628" endtime="20210824 13:10:32.690"/>
</kw>
<kw name="Press Keys" library="SeleniumLibrary">
<arg>None</arg>
<arg>TAB</arg>
<doc>Simulates the user pressing key(s) to an element or on the active browser.</doc>
<msg timestamp="20210824 13:10:32.694" level="INFO">Sending key(s) ('TAB',) to page.</msg>
<msg timestamp="20210824 13:10:32.695" level="INFO">Pressing special key TAB to browser.</msg>
<msg timestamp="20210824 13:10:32.695" level="INFO">Releasing special key TAB.</msg>
<status status="PASS" starttime="20210824 13:10:32.693" endtime="20210824 13:10:32.735"/>
</kw>
<kw name="Press Keys" library="SeleniumLibrary">
<arg>None</arg>
<arg>TAB</arg>
<doc>Simulates the user pressing key(s) to an element or on the active browser.</doc>
<msg timestamp="20210824 13:10:32.737" level="INFO">Sending key(s) ('TAB',) to page.</msg>
<msg timestamp="20210824 13:10:32.737" level="INFO">Pressing special key TAB to browser.</msg>
<msg timestamp="20210824 13:10:32.737" level="INFO">Releasing special key TAB.</msg>
<status status="PASS" starttime="20210824 13:10:32.736" endtime="20210824 13:10:32.768"/>
</kw>
<kw name="Press Keys" library="SeleniumLibrary">
<arg>None</arg>
<arg>ENTER</arg>
<doc>Simulates the user pressing key(s) to an element or on the active browser.</doc>
<msg timestamp="20210824 13:10:32.769" level="INFO">Sending key(s) ('ENTER',) to page.</msg>
<msg timestamp="20210824 13:10:32.769" level="INFO">Pressing special key ENTER to browser.</msg>
<msg timestamp="20210824 13:10:32.769" level="INFO">Releasing special key ENTER.</msg>
<status status="PASS" starttime="20210824 13:10:32.769" endtime="20210824 13:10:32.920"/>
</kw>
<kw name="Sleep" library="BuiltIn">
<arg>5s</arg>
<doc>Pauses the test executed for the given time.</doc>
<msg timestamp="20210824 13:10:37.935" level="INFO">Slept 5 seconds</msg>
<status status="PASS" starttime="20210824 13:10:32.922" endtime="20210824 13:10:37.935"/>
</kw>
<kw name="Press Keys" library="SeleniumLibrary">
<arg>None</arg>
<arg>TAB</arg>
<doc>Simulates the user pressing key(s) to an element or on the active browser.</doc>
<msg timestamp="20210824 13:10:37.937" level="INFO">Sending key(s) ('TAB',) to page.</msg>
<msg timestamp="20210824 13:10:37.937" level="INFO">Pressing special key TAB to browser.</msg>
<msg timestamp="20210824 13:10:37.937" level="INFO">Releasing special key TAB.</msg>
<status status="PASS" starttime="20210824 13:10:37.936" endtime="20210824 13:10:37.951"/>
</kw>
<kw name="Press Keys" library="SeleniumLibrary">
<arg>None</arg>
<arg>TAB</arg>
<doc>Simulates the user pressing key(s) to an element or on the active browser.</doc>
<msg timestamp="20210824 13:10:37.962" level="INFO">Sending key(s) ('TAB',) to page.</msg>
<msg timestamp="20210824 13:10:37.962" level="INFO">Pressing special key TAB to browser.</msg>
<msg timestamp="20210824 13:10:37.962" level="INFO">Releasing special key TAB.</msg>
<status status="PASS" starttime="20210824 13:10:37.959" endtime="20210824 13:10:37.982"/>
</kw>
<kw name="Press Keys" library="SeleniumLibrary">
<arg>None</arg>
<arg>TAB</arg>
<doc>Simulates the user pressing key(s) to an element or on the active browser.</doc>
<msg timestamp="20210824 13:10:37.983" level="INFO">Sending key(s) ('TAB',) to page.</msg>
<msg timestamp="20210824 13:10:37.984" level="INFO">Pressing special key TAB to browser.</msg>
<msg timestamp="20210824 13:10:37.984" level="INFO">Releasing special key TAB.</msg>
<status status="PASS" starttime="20210824 13:10:37.983" endtime="20210824 13:10:38.002"/>
</kw>
<kw name="Press Keys" library="SeleniumLibrary">
<arg>None</arg>
<arg>TAB</arg>
<doc>Simulates the user pressing key(s) to an element or on the active browser.</doc>
<msg timestamp="20210824 13:10:38.004" level="INFO">Sending key(s) ('TAB',) to page.</msg>
<msg timestamp="20210824 13:10:38.004" level="INFO">Pressing special key TAB to browser.</msg>
<msg timestamp="20210824 13:10:38.005" level="INFO">Releasing special key TAB.</msg>
<status status="PASS" starttime="20210824 13:10:38.003" endtime="20210824 13:10:38.026"/>
</kw>
<kw name="Press Keys" library="SeleniumLibrary">
<arg>None</arg>
<arg>TAB</arg>
<doc>Simulates the user pressing key(s) to an element or on the active browser.</doc>
<msg timestamp="20210824 13:10:38.027" level="INFO">Sending key(s) ('TAB',) to page.</msg>
<msg timestamp="20210824 13:10:38.027" level="INFO">Pressing special key TAB to browser.</msg>
<msg timestamp="20210824 13:10:38.027" level="INFO">Releasing special key TAB.</msg>
<status status="PASS" starttime="20210824 13:10:38.026" endtime="20210824 13:10:38.049"/>
</kw>
<kw name="Press Keys" library="SeleniumLibrary">
<arg>None</arg>
<arg>TAB</arg>
<doc>Simulates the user pressing key(s) to an element or on the active browser.</doc>
<msg timestamp="20210824 13:10:38.050" level="INFO">Sending key(s) ('TAB',) to page.</msg>
<msg timestamp="20210824 13:10:38.050" level="INFO">Pressing special key TAB to browser.</msg>
<msg timestamp="20210824 13:10:38.051" level="INFO">Releasing special key TAB.</msg>
<status status="PASS" starttime="20210824 13:10:38.050" endtime="20210824 13:10:38.072"/>
</kw>
<kw name="Press Keys" library="SeleniumLibrary">
<arg>None</arg>
<arg>TAB</arg>
<doc>Simulates the user pressing key(s) to an element or on the active browser.</doc>
<msg timestamp="20210824 13:10:38.075" level="INFO">Sending key(s) ('TAB',) to page.</msg>
<msg timestamp="20210824 13:10:38.075" level="INFO">Pressing special key TAB to browser.</msg>
<msg timestamp="20210824 13:10:38.076" level="INFO">Releasing special key TAB.</msg>
<status status="PASS" starttime="20210824 13:10:38.073" endtime="20210824 13:10:38.095"/>
</kw>
<kw name="Press Keys" library="SeleniumLibrary">
<arg>None</arg>
<arg>TAB</arg>
<doc>Simulates the user pressing key(s) to an element or on the active browser.</doc>
<msg timestamp="20210824 13:10:38.097" level="INFO">Sending key(s) ('TAB',) to page.</msg>
<msg timestamp="20210824 13:10:38.097" level="INFO">Pressing special key TAB to browser.</msg>
<msg timestamp="20210824 13:10:38.097" level="INFO">Releasing special key TAB.</msg>
<status status="PASS" starttime="20210824 13:10:38.096" endtime="20210824 13:10:38.114"/>
</kw>
<kw name="Press Keys" library="SeleniumLibrary">
<arg>None</arg>
<arg>TAB</arg>
<doc>Simulates the user pressing key(s) to an element or on the active browser.</doc>
<msg timestamp="20210824 13:10:38.114" level="INFO">Sending key(s) ('TAB',) to page.</msg>
<msg timestamp="20210824 13:10:38.115" level="INFO">Pressing special key TAB to browser.</msg>
<msg timestamp="20210824 13:10:38.115" level="INFO">Releasing special key TAB.</msg>
<status status="PASS" starttime="20210824 13:10:38.114" endtime="20210824 13:10:38.142"/>
</kw>
<kw name="Press Keys" library="SeleniumLibrary">
<arg>None</arg>
<arg>TAB</arg>
<doc>Simulates the user pressing key(s) to an element or on the active browser.</doc>
<msg timestamp="20210824 13:10:38.144" level="INFO">Sending key(s) ('TAB',) to page.</msg>
<msg timestamp="20210824 13:10:38.144" level="INFO">Pressing special key TAB to browser.</msg>
<msg timestamp="20210824 13:10:38.144" level="INFO">Releasing special key TAB.</msg>
<status status="PASS" starttime="20210824 13:10:38.143" endtime="20210824 13:10:38.192"/>
</kw>
<kw name="Press Keys" library="SeleniumLibrary">
<arg>None</arg>
<arg>rajeshmani191@gmail.com</arg>
<doc>Simulates the user pressing key(s) to an element or on the active browser.</doc>
<msg timestamp="20210824 13:10:38.193" level="INFO">Sending key(s) ('rajeshmani191@gmail.com',) to page.</msg>
<msg timestamp="20210824 13:10:38.193" level="INFO">Sending keys rajeshmani191@gmail.com</msg>
<status status="PASS" starttime="20210824 13:10:38.192" endtime="20210824 13:10:38.362"/>
</kw>
<kw name="Sleep" library="BuiltIn">
<arg>2s</arg>
<doc>Pauses the test executed for the given time.</doc>
<msg timestamp="20210824 13:10:40.368" level="INFO">Slept 2 seconds</msg>
<status status="PASS" starttime="20210824 13:10:38.362" endtime="20210824 13:10:40.369"/>
</kw>
<kw name="Press Keys" library="SeleniumLibrary">
<arg>None</arg>
<arg>CTRL+a</arg>
<doc>Simulates the user pressing key(s) to an element or on the active browser.</doc>
<msg timestamp="20210824 13:10:40.372" level="INFO">Sending key(s) ('CTRL+a',) to page.</msg>
<msg timestamp="20210824 13:10:40.372" level="INFO">Pressing special key CONTROL down.</msg>
<msg timestamp="20210824 13:10:40.372" level="INFO">Sending key a</msg>
<msg timestamp="20210824 13:10:40.372" level="INFO">Releasing special key CONTROL.</msg>
<status status="PASS" starttime="20210824 13:10:40.370" endtime="20210824 13:10:40.410"/>
</kw>
<kw name="Press Keys" library="SeleniumLibrary">
<arg>None</arg>
<arg>CTRL+c</arg>
<doc>Simulates the user pressing key(s) to an element or on the active browser.</doc>
<msg timestamp="20210824 13:10:40.414" level="INFO">Sending key(s) ('CTRL+c',) to page.</msg>
<msg timestamp="20210824 13:10:40.414" level="INFO">Pressing special key CONTROL down.</msg>
<msg timestamp="20210824 13:10:40.414" level="INFO">Sending key c</msg>
<msg timestamp="20210824 13:10:40.414" level="INFO">Releasing special key CONTROL.</msg>
<status status="PASS" starttime="20210824 13:10:40.412" endtime="20210824 13:10:40.453"/>
</kw>
<kw name="Sleep" library="BuiltIn">
<arg>2s</arg>
<doc>Pauses the test executed for the given time.</doc>
<msg timestamp="20210824 13:10:42.466" level="INFO">Slept 2 seconds</msg>
<status status="PASS" starttime="20210824 13:10:40.455" endtime="20210824 13:10:42.467"/>
</kw>
<kw name="Press Keys" library="SeleniumLibrary">
<arg>None</arg>
<arg>TAB</arg>
<doc>Simulates the user pressing key(s) to an element or on the active browser.</doc>
<msg timestamp="20210824 13:10:42.471" level="INFO">Sending key(s) ('TAB',) to page.</msg>
<msg timestamp="20210824 13:10:42.471" level="INFO">Pressing special key TAB to browser.</msg>
<msg timestamp="20210824 13:10:42.471" level="INFO">Releasing special key TAB.</msg>
<status status="PASS" starttime="20210824 13:10:42.469" endtime="20210824 13:10:42.526"/>
</kw>
<kw name="Press Keys" library="SeleniumLibrary">
<arg>None</arg>
<arg>CTRL+v</arg>
<doc>Simulates the user pressing key(s) to an element or on the active browser.</doc>
<msg timestamp="20210824 13:10:42.529" level="INFO">Sending key(s) ('CTRL+v',) to page.</msg>
<msg timestamp="20210824 13:10:42.530" level="INFO">Pressing special key CONTROL down.</msg>
<msg timestamp="20210824 13:10:42.530" level="INFO">Sending key v</msg>
<msg timestamp="20210824 13:10:42.530" level="INFO">Releasing special key CONTROL.</msg>
<status status="PASS" starttime="20210824 13:10:42.528" endtime="20210824 13:10:42.567"/>
</kw>
<kw name="Press Keys" library="SeleniumLibrary">
<arg>None</arg>
<arg>ENTER</arg>
<doc>Simulates the user pressing key(s) to an element or on the active browser.</doc>
<msg timestamp="20210824 13:10:42.570" level="INFO">Sending key(s) ('ENTER',) to page.</msg>
<msg timestamp="20210824 13:10:42.570" level="INFO">Pressing special key ENTER to browser.</msg>
<msg timestamp="20210824 13:10:42.570" level="INFO">Releasing special key ENTER.</msg>
<status status="PASS" starttime="20210824 13:10:42.569" endtime="20210824 13:10:45.387"/>
</kw>
<kw name="Sleep" library="BuiltIn">
<arg>1s</arg>
<doc>Pauses the test executed for the given time.</doc>
<msg timestamp="20210824 13:10:46.399" level="INFO">Slept 1 second</msg>
<status status="PASS" starttime="20210824 13:10:45.389" endtime="20210824 13:10:46.399"/>
</kw>
<kw name="Press Keys" library="SeleniumLibrary">
<arg>None</arg>
<arg>TAB</arg>
<doc>Simulates the user pressing key(s) to an element or on the active browser.</doc>
<msg timestamp="20210824 13:10:46.406" level="INFO">Sending key(s) ('TAB',) to page.</msg>
<msg timestamp="20210824 13:10:46.406" level="INFO">Pressing special key TAB to browser.</msg>
<msg timestamp="20210824 13:10:46.406" level="INFO">Releasing special key TAB.</msg>
<status status="PASS" starttime="20210824 13:10:46.404" endtime="20210824 13:10:50.556"/>
</kw>
<kw name="Press Keys" library="SeleniumLibrary">
<arg>None</arg>
<arg>TAB</arg>
<doc>Simulates the user pressing key(s) to an element or on the active browser.</doc>
<msg timestamp="20210824 13:10:50.558" level="INFO">Sending key(s) ('TAB',) to page.</msg>
<msg timestamp="20210824 13:10:50.558" level="INFO">Pressing special key TAB to browser.</msg>
<msg timestamp="20210824 13:10:50.558" level="INFO">Releasing special key TAB.</msg>
<status status="PASS" starttime="20210824 13:10:50.557" endtime="20210824 13:10:50.600"/>
</kw>
<kw name="Press Keys" library="SeleniumLibrary">
<arg>None</arg>
<arg>ENTER</arg>
<doc>Simulates the user pressing key(s) to an element or on the active browser.</doc>
<msg timestamp="20210824 13:10:50.602" level="INFO">Sending key(s) ('ENTER',) to page.</msg>
<msg timestamp="20210824 13:10:50.604" level="INFO">Pressing special key ENTER to browser.</msg>
<msg timestamp="20210824 13:10:50.604" level="INFO">Releasing special key ENTER.</msg>
<status status="PASS" starttime="20210824 13:10:50.601" endtime="20210824 13:10:50.699"/>
</kw>
<kw name="Press Keys" library="SeleniumLibrary">
<arg>None</arg>
<arg>Tamil Songs</arg>
<doc>Simulates the user pressing key(s) to an element or on the active browser.</doc>
<msg timestamp="20210824 13:10:50.704" level="INFO">Sending key(s) ('Tamil Songs',) to page.</msg>
<msg timestamp="20210824 13:10:50.704" level="INFO">Sending keys Tamil Songs</msg>
<status status="PASS" starttime="20210824 13:10:50.703" endtime="20210824 13:10:50.817"/>
</kw>
<kw name="Press Keys" library="SeleniumLibrary">
<arg>None</arg>
<arg>ENTER</arg>
<doc>Simulates the user pressing key(s) to an element or on the active browser.</doc>
<msg timestamp="20210824 13:10:50.819" level="INFO">Sending key(s) ('ENTER',) to page.</msg>
<msg timestamp="20210824 13:10:50.819" level="INFO">Pressing special key ENTER to browser.</msg>
<msg timestamp="20210824 13:10:50.820" level="INFO">Releasing special key ENTER.</msg>
<status status="PASS" starttime="20210824 13:10:50.818" endtime="20210824 13:10:50.879"/>
</kw>
<kw name="Sleep" library="BuiltIn">
<arg>1s</arg>
<doc>Pauses the test executed for the given time.</doc>
<msg timestamp="20210824 13:10:51.884" level="INFO">Slept 1 second</msg>
<status status="PASS" starttime="20210824 13:10:50.882" endtime="20210824 13:10:51.884"/>
</kw>
<kw name="Get Horizontal Position" library="SeleniumLibrary">
<var>${x}</var>
<arg>${scroll_to_element}</arg>
<doc>Returns the horizontal position of the element identified by ``locator``.</doc>
<msg timestamp="20210824 13:10:52.509" level="INFO">${x} = 46</msg>
<status status="PASS" starttime="20210824 13:10:51.885" endtime="20210824 13:10:52.509"/>
</kw>
<kw name="Get Vertical Position" library="SeleniumLibrary">
<var>${y}</var>
<arg>${scroll_to_element}</arg>
<doc>Returns the vertical position of the element identified by ``locator``.</doc>
<msg timestamp="20210824 13:10:53.014" level="INFO">${y} = 1020</msg>
<status status="PASS" starttime="20210824 13:10:52.512" endtime="20210824 13:10:53.014"/>
</kw>
<kw name="Sleep" library="BuiltIn">
<arg>3</arg>
<doc>Pauses the test executed for the given time.</doc>
<msg timestamp="20210824 13:10:56.024" level="INFO">Slept 3 seconds</msg>
<status status="PASS" starttime="20210824 13:10:53.015" endtime="20210824 13:10:56.024"/>
</kw>
<kw name="Execute Javascript" library="SeleniumLibrary">
<arg>window.scrollTo(${x},${y})</arg>
<doc>Executes the given JavaScript code with possible arguments.</doc>
<msg timestamp="20210824 13:10:56.027" level="INFO">Executing JavaScript:
window.scrollTo(46,1020)
Without any arguments.</msg>
<status status="PASS" starttime="20210824 13:10:56.025" endtime="20210824 13:10:56.102"/>
</kw>
<kw name="Click Element" library="SeleniumLibrary">
<arg>${scroll_to_element}</arg>
<doc>Click the element identified by ``locator``.</doc>
<msg timestamp="20210824 13:10:56.110" level="INFO">Clicking element 'xpath://*[@id="mantle_skin"]/div[3]/div/div[1]/section[2]/ol/li[1]/div[1]/div[2]/p[1]/a'.</msg>
<status status="PASS" starttime="20210824 13:10:56.109" endtime="20210824 13:10:56.261"/>
</kw>
<kw name="Sleep" library="BuiltIn">
<arg>3s</arg>
<doc>Pauses the test executed for the given time.</doc>
<msg timestamp="20210824 13:10:59.268" level="INFO">Slept 3 seconds</msg>
<status status="PASS" starttime="20210824 13:10:56.265" endtime="20210824 13:10:59.270"/>
</kw>
<kw name="Sleep" library="BuiltIn">
<arg>3s</arg>
<doc>Pauses the test executed for the given time.</doc>
<msg timestamp="20210824 13:11:02.283" level="INFO">Slept 3 seconds</msg>
<status status="PASS" starttime="20210824 13:10:59.271" endtime="20210824 13:11:02.284"/>
</kw>
<kw name="Mouse Down" library="SeleniumLibrary">
<arg>xpath://*[@id="mantle_skin"]/header/div[1]/div[2]/div/div/button</arg>
<doc>Simulates pressing the left mouse button on the element ``locator``.</doc>
<msg timestamp="20210824 13:11:02.288" level="INFO">Simulating Mouse Down on element 'xpath://*[@id="mantle_skin"]/header/div[1]/div[2]/div/div/button'.</msg>
<status status="PASS" starttime="20210824 13:11:02.286" endtime="20210824 13:11:02.661"/>
</kw>
<kw name="Sleep" library="BuiltIn">
<arg>10s</arg>
<doc>Pauses the test executed for the given time.</doc>
<msg timestamp="20210824 13:11:12.678" level="INFO">Slept 10 seconds</msg>
<status status="PASS" starttime="20210824 13:11:02.662" endtime="20210824 13:11:12.679"/>
</kw>
<kw name="Mouse Up" library="SeleniumLibrary">
<arg>xpath://*[@id="mantle_skin"]/header/div[1]/div[2]/div/div/button</arg>
<doc>Simulates releasing the left mouse button on the element ``locator``.</doc>
<msg timestamp="20210824 13:11:12.682" level="INFO">Simulating Mouse Up on element 'xpath://*[@id="mantle_skin"]/header/div[1]/div[2]/div/div/button'.</msg>
<status status="PASS" starttime="20210824 13:11:12.681" endtime="20210824 13:11:13.203"/>
</kw>
<kw name="Sleep" library="BuiltIn">
<arg>10s</arg>
<doc>Pauses the test executed for the given time.</doc>
<msg timestamp="20210824 13:11:23.220" level="INFO">Slept 10 seconds</msg>
<status status="PASS" starttime="20210824 13:11:13.204" endtime="20210824 13:11:23.220"/>
</kw>
<kw name="Mouse Down On Link" library="SeleniumLibrary">
<arg>xpath://*[@id="tracklist"]/div[2]/table/tbody/tr[1]/td[4]/a</arg>
<doc>Simulates a mouse down event on a link identified by ``locator``.</doc>
<status status="PASS" starttime="20210824 13:11:23.222" endtime="20210824 13:11:23.724"/>
</kw>
<kw name="Sleep" library="BuiltIn">
<arg>5s</arg>
<doc>Pauses the test executed for the given time.</doc>
<msg timestamp="20210824 13:11:28.745" level="INFO">Slept 5 seconds</msg>
<status status="PASS" starttime="20210824 13:11:23.741" endtime="20210824 13:11:28.746"/>
</kw>
<kw name="Close Browser" library="SeleniumLibrary">
<doc>Closes the current browser.</doc>
<status status="PASS" starttime="20210824 13:11:28.747" endtime="20210824 13:11:32.260"/>
</kw>
<status status="PASS" starttime="20210824 13:10:24.711" endtime="20210824 13:11:32.263"/>
</test>
<status status="PASS" starttime="20210824 13:10:24.418" endtime="20210824 13:11:32.265"/>
</suite>
<statistics>
<total>
<stat pass="1" fail="0" skip="0">All Tests</stat>
</total>
<tag>
</tag>
<suite>
<stat pass="1" fail="0" skip="0" id="s1" name="Keyboard">Keyboard</stat>
</suite>
</statistics>
<errors>
</errors>
</robot>
